\BOOKMARK [0][]{Contents.0}{\376\377\000T\000a\000b\000l\000e\000\040\000o\000f\000\040\000c\000o\000n\000t\000e\000n\000t\000s}{}% 1
\BOOKMARK [0][]{chapter*.3}{\376\377\000L\000i\000s\000t\000\040\000o\000f\000\040\000f\000i\000g\000u\000r\000e\000s}{}% 2
\BOOKMARK [0][]{chapter*.4}{\376\377\000L\000i\000s\000t\000\040\000o\000f\000\040\000t\000a\000b\000l\000e\000s}{}% 3
\BOOKMARK [0][]{section*.5}{\376\377\000A\000c\000r\000o\000n\000y\000m\000s}{}% 4
\BOOKMARK [0][]{chapter.1}{\376\377\0001\000\040\000I\000n\000t\000r\000o\000d\000u\000c\000t\000i\000o\000n}{}% 5
\BOOKMARK [1][]{section.1.1}{\376\377\0001\000.\0001\000\040\000M\000o\000t\000i\000v\000a\000t\000i\000o\000n\000s}{chapter.1}% 6
\BOOKMARK [1][]{section.1.2}{\376\377\0001\000.\0002\000\040\000C\000o\000n\000t\000r\000i\000b\000u\000t\000i\000o\000n\000s}{chapter.1}% 7
\BOOKMARK [1][]{section.1.3}{\376\377\0001\000.\0003\000\040\000M\000a\000n\000u\000s\000c\000r\000i\000p\000t\000\040\000o\000r\000g\000a\000n\000i\000z\000a\000t\000i\000o\000n}{chapter.1}% 8
\BOOKMARK [0][]{chapter.2}{\376\377\0002\000\040\000L\000I\000S\000P\000\040\000o\000v\000e\000r\000v\000i\000e\000w}{}% 9
\BOOKMARK [1][]{section.2.1}{\376\377\0002\000.\0001\000\040\000L\000I\000S\000P\000\040\000a\000r\000c\000h\000i\000t\000e\000c\000t\000u\000r\000e}{chapter.2}% 10
\BOOKMARK [2][]{subsection.2.1.1}{\376\377\0002\000.\0001\000.\0001\000\040\000L\000I\000S\000P\000\040\000D\000a\000t\000a\000\040\000P\000l\000a\000n\000e}{section.2.1}% 11
\BOOKMARK [2][]{subsection.2.1.2}{\376\377\0002\000.\0001\000.\0002\000\040\000L\000I\000S\000P\000\040\000C\000o\000n\000t\000r\000o\000l\000\040\000P\000l\000a\000n\000e}{section.2.1}% 12
\BOOKMARK [2][]{subsection.2.1.3}{\376\377\0002\000.\0001\000.\0003\000\040\000C\000o\000m\000m\000u\000n\000i\000c\000a\000t\000i\000o\000n\000\040\000b\000e\000t\000w\000e\000e\000n\000\040\000t\000w\000o\000\040\000L\000I\000S\000P\000-\000s\000i\000t\000e\000s}{section.2.1}% 13
\BOOKMARK [1][]{section.2.2}{\376\377\0002\000.\0002\000\040\000I\000n\000t\000e\000r\000w\000o\000r\000k\000i\000n\000g\000\040\000w\000i\000t\000h\000\040\000l\000e\000g\000e\000n\000c\000y\000\040\000I\000n\000t\000e\000r\000n\000e\000t}{chapter.2}% 14
\BOOKMARK [1][]{section.2.3}{\376\377\0002\000.\0003\000\040\000M\000a\000p\000p\000i\000n\000g\000\040\000c\000a\000c\000h\000e\000\040\000u\000p\000d\000a\000t\000e\000\040\000m\000e\000c\000h\000a\000n\000i\000s\000m\000s}{chapter.2}% 15
\BOOKMARK [2][]{subsection.2.3.1}{\376\377\0002\000.\0003\000.\0001\000\040\000S\000o\000l\000i\000c\000i\000t\000-\000M\000a\000p\000-\000R\000e\000q\000u\000e\000s\000t\000\040\000\050\000S\000M\000R\000\051}{section.2.3}% 16
\BOOKMARK [2][]{subsection.2.3.2}{\376\377\0002\000.\0003\000.\0002\000\040\000M\000a\000p\000-\000V\000e\000r\000s\000i\000o\000n\000i\000n\000g}{section.2.3}% 17
\BOOKMARK [1][]{section.2.4}{\376\377\0002\000.\0004\000\040\000L\000I\000S\000P\000\040\000m\000o\000b\000i\000l\000i\000t\000y}{chapter.2}% 18
\BOOKMARK [2][]{subsection.2.4.1}{\376\377\0002\000.\0004\000.\0001\000\040\000L\000I\000S\000P\000\040\000M\000o\000b\000i\000l\000e\000\040\000N\000o\000d\000e\000\040\000\050\000L\000I\000S\000P\000-\000M\000N\000\051}{section.2.4}% 19
\BOOKMARK [2][]{subsection.2.4.2}{\376\377\0002\000.\0004\000.\0002\000\040\000M\000N\000\040\000m\000o\000b\000i\000l\000i\000t\000y\000\040\000i\000n\000\040\000L\000I\000S\000P\000-\000S\000i\000t\000e}{section.2.4}% 20
\BOOKMARK [2][]{subsection.2.4.3}{\376\377\0002\000.\0004\000.\0003\000\040\000L\000I\000S\000P\000-\000M\000N\000\040\000m\000o\000b\000i\000l\000i\000t\000y\000\040\000i\000n\000\040\000L\000I\000S\000P\000-\000S\000i\000t\000e}{section.2.4}% 21
\BOOKMARK [2][]{subsection.2.4.4}{\376\377\0002\000.\0004\000.\0004\000\040\000L\000I\000S\000P\000-\000M\000N\000\040\000m\000o\000b\000i\000l\000i\000t\000y\000\040\000i\000n\000\040\000n\000o\000n\000-\000L\000I\000S\000P\000-\000S\000i\000t\000e}{section.2.4}% 22
\BOOKMARK [2][]{subsection.2.4.5}{\376\377\0002\000.\0004\000.\0005\000\040\000L\000I\000S\000P\000-\000M\000N\000\040\000m\000o\000b\000i\000l\000i\000t\000y\000\040\000b\000e\000t\000w\000e\000e\000n\000\040\000L\000I\000S\000P\000-\000S\000i\000t\000e\000\040\000\046\000\040\000n\000o\000n\000-\000L\000I\000S\000P\000-\000S\000i\000t\000e}{section.2.4}% 23
\BOOKMARK [1][]{section.2.5}{\376\377\0002\000.\0005\000\040\000L\000I\000S\000P\000\040\000a\000l\000t\000e\000r\000n\000a\000t\000i\000v\000e\000\040\000u\000s\000e\000-\000c\000a\000s\000e\000s}{chapter.2}% 24
\BOOKMARK [2][]{subsection.2.5.1}{\376\377\0002\000.\0005\000.\0001\000\040\000L\000I\000S\000P\000\040\000t\000r\000a\000f\000f\000i\000c\000\040\000e\000n\000g\000i\000n\000e\000e\000r\000i\000n\000g}{section.2.5}% 25
\BOOKMARK [2][]{subsection.2.5.2}{\376\377\0002\000.\0005\000.\0002\000\040\000L\000I\000S\000P\000\040\000t\000r\000a\000n\000s\000i\000t\000i\000o\000n\000\040\000b\000e\000t\000w\000e\000e\000n\000\040\000I\000P\000v\0004\000\040\000a\000n\000d\000\040\000I\000P\000v\0006}{section.2.5}% 26
\BOOKMARK [2][]{subsection.2.5.3}{\376\377\0002\000.\0005\000.\0003\000\040\000L\000I\000S\000P\000\040\000S\000D\000N}{section.2.5}% 27
\BOOKMARK [0][]{chapter.3}{\376\377\0003\000\040\000R\000e\000l\000a\000t\000e\000d\000\040\000w\000o\000r\000k}{}% 28
\BOOKMARK [1][]{section.3.1}{\376\377\0003\000.\0001\000\040\000L\000I\000S\000P\000\040\000p\000l\000a\000t\000f\000o\000r\000m\000s}{chapter.3}% 29
\BOOKMARK [2][]{subsection.3.1.1}{\376\377\0003\000.\0001\000.\0001\000\040\000L\000I\000S\000P\000\040\000B\000e\000t\000a\000\040\000N\000e\000t\000w\000o\000r\000k}{section.3.1}% 30
\BOOKMARK [2][]{subsection.3.1.2}{\376\377\0003\000.\0001\000.\0002\000\040\000L\000I\000S\000P\000-\000L\000a\000b\000\040\000p\000l\000a\000t\000f\000o\000r\000m}{section.3.1}% 31
\BOOKMARK [1][]{section.3.2}{\376\377\0003\000.\0002\000\040\000L\000I\000S\000P\000\040\000m\000o\000n\000i\000t\000o\000r\000i\000n\000g\000\040\000t\000o\000o\000l\000s}{chapter.3}% 32
\BOOKMARK [2][]{subsection.3.2.1}{\376\377\0003\000.\0002\000.\0001\000\040\000L\000I\000S\000P\000m\000o\000n}{section.3.2}% 33
\BOOKMARK [2][]{subsection.3.2.2}{\376\377\0003\000.\0002\000.\0002\000\040\000L\000I\000G}{section.3.2}% 34
\BOOKMARK [2][]{subsection.3.2.3}{\376\377\0003\000.\0002\000.\0003\000\040\000R\000I\000G}{section.3.2}% 35
\BOOKMARK [2][]{subsection.3.2.4}{\376\377\0003\000.\0002\000.\0004\000\040\000M\000o\000n\000i\000t\000o\000r\000i\000n\000g\000\040\000t\000o\000o\000l\000s\000\040\000s\000h\000o\000r\000t\000c\000o\000m\000i\000n\000g\000s}{section.3.2}% 36
\BOOKMARK [1][]{section.3.3}{\376\377\0003\000.\0003\000\040\000L\000I\000S\000P\000\040\000i\000m\000p\000l\000e\000m\000e\000n\000t\000a\000t\000i\000o\000n\000s}{chapter.3}% 37
\BOOKMARK [2][]{subsection.3.3.1}{\376\377\0003\000.\0003\000.\0001\000\040\000L\000I\000S\000P\000\040\000i\000m\000p\000l\000e\000m\000e\000n\000t\000a\000t\000i\000o\000n\000s}{section.3.3}% 38
\BOOKMARK [2][]{subsection.3.3.2}{\376\377\0003\000.\0003\000.\0002\000\040\000T\000h\000e\000\040\000L\000I\000S\000P\000\040\000s\000i\000m\000u\000l\000a\000t\000i\000o\000n\000\040\000g\000a\000p}{section.3.3}% 39
\BOOKMARK [1][]{section.3.4}{\376\377\0003\000.\0004\000\040\000L\000I\000S\000P\000\040\000m\000a\000p\000p\000i\000n\000g\000\040\000s\000y\000s\000t\000e\000m\000\040\000e\000v\000a\000l\000u\000a\000t\000i\000o\000n}{chapter.3}% 40
\BOOKMARK [2][]{subsection.3.4.1}{\376\377\0003\000.\0004\000.\0001\000\040\000C\000u\000r\000r\000e\000n\000t\000\040\000s\000t\000u\000d\000i\000e\000s}{section.3.4}% 41
\BOOKMARK [2][]{subsection.3.4.2}{\376\377\0003\000.\0004\000.\0002\000\040\000T\000h\000e\000\040\000i\000n\000c\000o\000m\000p\000l\000e\000t\000e\000\040\000p\000u\000z\000z\000l\000e\000\040\000o\000f\000\040\000M\000D\000S\000\040\000e\000v\000a\000l\000u\000a\000t\000i\000o\000n}{section.3.4}% 42
\BOOKMARK [1][]{section.3.5}{\376\377\0003\000.\0005\000\040\000L\000I\000S\000P\000\040\000n\000e\000t\000w\000o\000r\000k\000\040\000e\000v\000o\000l\000u\000t\000i\000o\000n}{chapter.3}% 43
\BOOKMARK [2][]{subsection.3.5.1}{\376\377\0003\000.\0005\000.\0001\000\040\000U\000p\000d\000a\000t\000i\000n\000g\000\040\000L\000I\000S\000P\000\040\000m\000e\000a\000s\000u\000r\000e\000m\000e\000n\000t\000s}{section.3.5}% 44
\BOOKMARK [1][]{section.3.6}{\376\377\0003\000.\0006\000\040\000L\000I\000S\000P\000\040\000i\000n\000t\000e\000r\000w\000o\000r\000k\000i\000n\000g\000\040\000w\000i\000t\000h\000\040\000l\000e\000g\000a\000c\000y\000\040\000I\000n\000t\000e\000r\000n\000e\000t}{chapter.3}% 45
\BOOKMARK [2][]{subsection.3.6.1}{\376\377\0003\000.\0006\000.\0001\000\040\000P\000x\000T\000R\000s\000\040\000e\000v\000a\000l\000u\000a\000t\000i\000o\000n\000:\000\040\000a\000n\000\040\000i\000n\000c\000o\000m\000p\000l\000e\000t\000e\000\040\000p\000i\000c\000t\000u\000r\000e}{section.3.6}% 46
\BOOKMARK [1][]{section.3.7}{\376\377\0003\000.\0007\000\040\000L\000I\000S\000P\000\040\000m\000o\000b\000i\000l\000i\000t\000y}{chapter.3}% 47
\BOOKMARK [2][]{subsection.3.7.1}{\376\377\0003\000.\0007\000.\0001\000\040\000O\000p\000e\000n\000\040\000i\000s\000s\000u\000e\000\040\000i\000n\000\040\000L\000I\000S\000P\000\040\000m\000o\000b\000i\000l\000i\000t\000y}{section.3.7}% 48
\BOOKMARK [1][]{section.3.8}{\376\377\0003\000.\0008\000\040\000T\000r\000o\000u\000b\000l\000e\000s\000h\000o\000o\000t\000i\000n\000g\000\040\000i\000s\000s\000u\000e\000s}{chapter.3}% 49
\BOOKMARK [1][]{section.3.9}{\376\377\0003\000.\0009\000\040\000O\000t\000h\000e\000r\000\040\000L\000I\000S\000P\000\040\000r\000e\000l\000a\000t\000e\000d\000\040\000s\000t\000u\000d\000i\000e\000s}{chapter.3}% 50
\BOOKMARK [2][]{subsection.3.9.1}{\376\377\0003\000.\0009\000.\0001\000\040\000L\000I\000S\000P\000\040\000c\000a\000c\000h\000e\000\040\000p\000e\000r\000f\000o\000r\000m\000a\000n\000c\000e}{section.3.9}% 51
\BOOKMARK [2][]{subsection.3.9.2}{\376\377\0003\000.\0009\000.\0002\000\040\000L\000I\000S\000P\000\040\000s\000e\000c\000u\000r\000i\000t\000y}{section.3.9}% 52
\BOOKMARK [2][]{subsection.3.9.3}{\376\377\0003\000.\0009\000.\0003\000\040\000T\000h\000e\000\040\000M\000a\000x\000i\000m\000u\000m\000\040\000T\000r\000a\000n\000s\000m\000i\000s\000s\000i\000o\000n\000\040\000U\000n\000i\000t\000\040\000\050\000M\000T\000U\000\051\000\040\000i\000s\000s\000u\000e}{section.3.9}% 53
\BOOKMARK [0][]{chapter.4}{\376\377\0004\000\040\000E\000v\000a\000l\000u\000a\000t\000i\000o\000n\000\040\000o\000f\000\040\000L\000I\000S\000P\000\040\000m\000a\000p\000p\000i\000n\000g\000\040\000s\000y\000s\000t\000e\000m}{}% 54
\BOOKMARK [1][]{section.4.1}{\376\377\0004\000.\0001\000\040\000M\000e\000t\000h\000o\000d\000o\000l\000o\000g\000y}{chapter.4}% 55
\BOOKMARK [2][]{subsection.4.1.1}{\376\377\0004\000.\0001\000.\0001\000\040\000M\000e\000a\000s\000u\000r\000e\000m\000e\000n\000t\000s\000\040\000o\000v\000e\000r\000v\000i\000e\000w}{section.4.1}% 56
\BOOKMARK [2][]{subsection.4.1.2}{\376\377\0004\000.\0001\000.\0002\000\040\000M\000e\000t\000r\000i\000c\000s}{section.4.1}% 57
\BOOKMARK [1][]{section.4.2}{\376\377\0004\000.\0002\000\040\000M\000a\000p\000p\000i\000n\000g\000\040\000s\000y\000s\000t\000e\000m\000\040\000s\000t\000a\000b\000i\000l\000i\000t\000y\000\040\000e\000v\000a\000l\000u\000a\000t\000i\000o\000n}{chapter.4}% 58
\BOOKMARK [1][]{section.4.3}{\376\377\0004\000.\0003\000\040\000M\000a\000p\000p\000i\000n\000g\000\040\000s\000y\000s\000t\000e\000m\000\040\000c\000o\000n\000s\000i\000s\000t\000e\000n\000c\000y\000\040\000e\000v\000a\000l\000u\000a\000t\000i\000o\000n}{chapter.4}% 59
\BOOKMARK [2][]{subsection.4.3.1}{\376\377\0004\000.\0003\000.\0001\000\040\000C\000o\000n\000s\000i\000s\000t\000e\000n\000c\000y\000\040\000e\000v\000a\000l\000u\000a\000t\000i\000o\000n\000\040\000b\000y\000\040\000M\000R}{section.4.3}% 60
\BOOKMARK [2][]{subsection.4.3.2}{\376\377\0004\000.\0003\000.\0002\000\040\000C\000o\000n\000s\000i\000s\000t\000e\000n\000c\000y\000\040\000e\000v\000a\000l\000u\000a\000t\000i\000o\000n\000\040\000b\000y\000\040\000V\000P}{section.4.3}% 61
\BOOKMARK [1][]{section.4.4}{\376\377\0004\000.\0004\000\040\000S\000u\000m\000m\000a\000r\000y}{chapter.4}% 62
\BOOKMARK [0][]{chapter.5}{\376\377\0005\000\040\000L\000I\000S\000P\000-\000V\000i\000e\000w\000s\000:\000\040\000L\000I\000S\000P\000\040\000m\000a\000p\000p\000i\000n\000g\000\040\000s\000y\000s\000t\000e\000m\000\040\000m\000o\000n\000i\000t\000o\000r}{}% 63
\BOOKMARK [1][]{section.5.1}{\376\377\0005\000.\0001\000\040\000P\000r\000o\000p\000o\000s\000e\000d\000\040\000m\000o\000n\000i\000t\000o\000r\000i\000n\000g\000\040\000a\000r\000c\000h\000i\000t\000e\000c\000t\000u\000r\000e}{chapter.5}% 64
\BOOKMARK [2][]{subsection.5.1.1}{\376\377\0005\000.\0001\000.\0001\000\040\000M\000o\000t\000i\000v\000a\000t\000i\000o\000n}{section.5.1}% 65
\BOOKMARK [2][]{subsection.5.1.2}{\376\377\0005\000.\0001\000.\0002\000\040\000D\000e\000s\000c\000r\000i\000p\000t\000i\000o\000n\000\040\000o\000f\000\040\000L\000I\000S\000P\000-\000V\000i\000e\000w\000s}{section.5.1}% 66
\BOOKMARK [1][]{section.5.2}{\376\377\0005\000.\0002\000\040\000L\000I\000S\000P\000-\000V\000i\000e\000w\000s\000\040\000v\000a\000l\000i\000d\000a\000t\000i\000o\000n}{chapter.5}% 67
\BOOKMARK [2][]{subsection.5.2.1}{\376\377\0005\000.\0002\000.\0001\000\040\000M\000e\000t\000h\000o\000d\000o\000l\000o\000g\000y}{section.5.2}% 68
\BOOKMARK [2][]{subsection.5.2.2}{\376\377\0005\000.\0002\000.\0002\000\040\000L\000I\000S\000P\000-\000V\000i\000e\000w\000s\000\040\000v\000s\000.\000\040\000L\000I\000S\000P\000m\000o\000n}{section.5.2}% 69
\BOOKMARK [1][]{section.5.3}{\376\377\0005\000.\0003\000\040\000D\000i\000s\000s\000e\000c\000t\000i\000n\000g\000\040\000L\000I\000S\000P\000\040\000w\000i\000t\000h\000\040\000L\000I\000S\000P\000-\000V\000i\000e\000w\000s}{chapter.5}% 70
\BOOKMARK [1][]{section.5.4}{\376\377\0005\000.\0004\000\040\000S\000u\000m\000m\000a\000r\000y}{chapter.5}% 71
\BOOKMARK [0][]{chapter.6}{\376\377\0006\000\040\000A\000s\000s\000e\000s\000s\000i\000n\000g\000\040\000L\000I\000S\000P\000\040\000i\000n\000t\000e\000r\000w\000o\000r\000k\000i\000n\000g\000\040\000p\000e\000r\000f\000o\000r\000m\000a\000n\000c\000e\000\040\000t\000h\000r\000o\000u\000g\000h\000\040\000R\000I\000P\000E\000\040\000A\000t\000l\000a\000s}{}% 72
\BOOKMARK [1][]{section.6.1}{\376\377\0006\000.\0001\000\040\000E\000x\000p\000e\000r\000i\000m\000e\000n\000t\000\040\000r\000e\000s\000o\000u\000r\000c\000e\000s}{chapter.6}% 73
\BOOKMARK [2][]{subsection.6.1.1}{\376\377\0006\000.\0001\000.\0001\000\040\000R\000I\000P\000E\000\040\000A\000t\000l\000a\000s}{section.6.1}% 74
\BOOKMARK [2][]{subsection.6.1.2}{\376\377\0006\000.\0001\000.\0002\000\040\000A\000l\000e\000x\000a}{section.6.1}% 75
\BOOKMARK [1][]{section.6.2}{\376\377\0006\000.\0002\000\040\000M\000e\000a\000s\000u\000r\000e\000m\000e\000n\000t\000\040\000m\000e\000t\000h\000o\000d\000o\000l\000o\000g\000y}{chapter.6}% 76
\BOOKMARK [2][]{subsection.6.2.1}{\376\377\0006\000.\0002\000.\0001\000\040\000D\000a\000t\000a\000s\000e\000t\000\040\0002\0000\0001\0005}{section.6.2}% 77
\BOOKMARK [2][]{subsection.6.2.2}{\376\377\0006\000.\0002\000.\0002\000\040\000D\000a\000t\000a\000s\000e\000t\000\040\0002\0000\0001\0006}{section.6.2}% 78
\BOOKMARK [1][]{section.6.3}{\376\377\0006\000.\0003\000\040\000I\000P\000v\0004\000\040\000P\000i\000n\000g\000\040\000r\000e\000s\000u\000l\000t\000s\000\040\000f\000r\000o\000m\000\040\000D\000a\000t\000a\000s\000e\000t\000\040\0002\0000\0001\0005}{chapter.6}% 79
\BOOKMARK [1][]{section.6.4}{\376\377\0006\000.\0004\000\040\000I\000P\000v\0004\000\040\000P\000i\000n\000g\000\040\000r\000e\000s\000u\000l\000t\000s\000\040\000f\000r\000o\000m\000\040\000D\000a\000t\000a\000s\000e\000t\000\040\0002\0000\0001\0006}{chapter.6}% 80
\BOOKMARK [1][]{section.6.5}{\376\377\0006\000.\0005\000\040\000I\000P\000v\0006\000\040\000P\000i\000n\000g\000\040\000r\000e\000s\000u\000l\000t\000s}{chapter.6}% 81
\BOOKMARK [1][]{section.6.6}{\376\377\0006\000.\0006\000\040\000T\000r\000a\000c\000e\000r\000o\000u\000t\000e\000-\000r\000e\000l\000a\000t\000e\000d\000\040\000r\000e\000s\000u\000l\000t\000s}{chapter.6}% 82
\BOOKMARK [1][]{section.6.7}{\376\377\0006\000.\0007\000\040\000S\000u\000m\000m\000a\000r\000y}{chapter.6}% 83
\BOOKMARK [0][]{chapter.7}{\376\377\0007\000\040\000A\000n\000a\000l\000y\000s\000i\000s\000\040\000o\000f\000\040\000L\000I\000S\000P\000\040\000m\000o\000b\000i\000l\000i\000t\000y\000\040\000a\000n\000d\000\040\000n\000s\000-\0003\000\040\000i\000m\000p\000l\000e\000m\000e\000n\000t\000a\000t\000i\000o\000n}{}% 84
\BOOKMARK [1][]{section.7.1}{\376\377\0007\000.\0001\000\040\000N\000S\000-\0003}{chapter.7}% 85
\BOOKMARK [1][]{section.7.2}{\376\377\0007\000.\0002\000\040\000B\000a\000s\000i\000c\000\040\000L\000I\000S\000P\000\040\000i\000m\000p\000l\000e\000m\000e\000n\000t\000a\000t\000i\000o\000n\000\040\000o\000n\000\040\000n\000s\000-\0003}{chapter.7}% 86
\BOOKMARK [1][]{section.7.3}{\376\377\0007\000.\0003\000\040\000\040\000L\000I\000S\000P\000\040\000m\000o\000b\000i\000l\000i\000t\000y\000\040\000e\000x\000t\000e\000n\000s\000i\000o\000n\000s\000\040\000o\000n\000\040\000n\000s\000-\0003}{chapter.7}% 87
\BOOKMARK [2][]{subsection.7.3.1}{\376\377\0007\000.\0003\000.\0001\000\040\000I\000m\000p\000l\000e\000m\000e\000n\000t\000a\000t\000i\000o\000n\000\040\000o\000f\000\040\000L\000I\000S\000P\000\040\000D\000a\000t\000a\000\040\000P\000l\000a\000n\000e}{section.7.3}% 88
\BOOKMARK [2][]{subsection.7.3.2}{\376\377\0007\000.\0003\000.\0002\000\040\000I\000m\000p\000l\000e\000m\000e\000n\000t\000a\000t\000i\000o\000n\000\040\000o\000f\000\040\000L\000I\000S\000P\000\040\000C\000o\000n\000t\000r\000o\000l\000\040\000P\000l\000a\000n\000e}{section.7.3}% 89
\BOOKMARK [2][]{subsection.7.3.3}{\376\377\0007\000.\0003\000.\0003\000\040\000M\000o\000d\000i\000f\000i\000c\000a\000t\000i\000o\000n\000\040\000o\000f\000\040\000D\000H\000C\000P\000\040\000c\000l\000i\000e\000n\000t\000\040\000t\000o\000\040\000s\000u\000p\000p\000o\000r\000t\000\040\000L\000I\000S\000P\000\040\000m\000o\000b\000i\000l\000i\000t\000y}{section.7.3}% 90
\BOOKMARK [2][]{subsection.7.3.4}{\376\377\0007\000.\0003\000.\0004\000\040\000I\000n\000t\000e\000g\000r\000a\000t\000i\000o\000n\000\040\000o\000f\000\040\000T\000U\000N\000\040\000n\000e\000t\000\040\000i\000n\000t\000e\000r\000f\000a\000c\000e\000\040\000c\000a\000r\000d}{section.7.3}% 91
\BOOKMARK [1][]{section.7.4}{\376\377\0007\000.\0004\000\040\000T\000h\000e\000o\000r\000e\000t\000i\000c\000a\000l\000\040\000a\000n\000a\000l\000y\000s\000i\000s}{chapter.7}% 92
\BOOKMARK [2][]{subsection.7.4.1}{\376\377\0007\000.\0004\000.\0001\000\040\000L\000I\000S\000P\000-\000M\000N\000\040\000i\000n\000\040\000n\000o\000n\000-\000L\000I\000S\000P\000-\000S\000i\000t\000e}{section.7.4}% 93
\BOOKMARK [2][]{subsection.7.4.2}{\376\377\0007\000.\0004\000.\0002\000\040\000M\000N\000\040\000i\000n\000\040\000L\000I\000S\000P\000-\000S\000i\000t\000e}{section.7.4}% 94
\BOOKMARK [2][]{subsection.7.4.3}{\376\377\0007\000.\0004\000.\0003\000\040\000L\000I\000S\000P\000-\000M\000N\000\040\000i\000n\000\040\000L\000I\000S\000P\000-\000S\000i\000t\000e}{section.7.4}% 95
\BOOKMARK [1][]{section.7.5}{\376\377\0007\000.\0005\000\040\000S\000u\000m\000m\000a\000r\000y}{chapter.7}% 96
\BOOKMARK [0][]{chapter.8}{\376\377\0008\000\040\000C\000o\000n\000c\000l\000u\000s\000i\000o\000n\000\040\000a\000n\000d\000\040\000f\000u\000t\000u\000r\000e\000\040\000w\000o\000r\000k}{}% 97
\BOOKMARK [1][]{section.8.1}{\376\377\0008\000.\0001\000\040\000M\000a\000j\000o\000r\000\040\000c\000o\000n\000t\000r\000i\000b\000u\000t\000i\000o\000n\000s}{chapter.8}% 98
\BOOKMARK [2][]{subsection.8.1.1}{\376\377\0008\000.\0001\000.\0001\000\040\000E\000v\000a\000l\000u\000a\000t\000i\000o\000n\000\040\000o\000f\000\040\000L\000I\000S\000P\000\040\000m\000a\000p\000p\000i\000n\000g\000\040\000s\000y\000s\000t\000e\000m}{section.8.1}% 99
\BOOKMARK [2][]{subsection.8.1.2}{\376\377\0008\000.\0001\000.\0002\000\040\000L\000I\000S\000P\000-\000V\000i\000e\000w\000s\000:\000\040\000L\000I\000S\000P\000\040\000m\000a\000p\000p\000i\000n\000g\000\040\000s\000y\000s\000t\000e\000m\000\040\000m\000o\000n\000i\000t\000o\000r}{section.8.1}% 100
\BOOKMARK [2][]{subsection.8.1.3}{\376\377\0008\000.\0001\000.\0003\000\040\000A\000s\000s\000e\000s\000s\000i\000n\000g\000\040\000L\000I\000S\000P\000\040\000i\000n\000t\000e\000r\000w\000o\000r\000k\000i\000n\000g\000\040\000p\000e\000r\000f\000o\000r\000m\000a\000n\000c\000e\000\040\000t\000h\000r\000o\000u\000g\000h\000\040\000R\000I\000P\000E\000\040\000A\000t\000l\000a\000s}{section.8.1}% 101
\BOOKMARK [2][]{subsection.8.1.4}{\376\377\0008\000.\0001\000.\0004\000\040\000A\000n\000a\000l\000y\000s\000i\000s\000\040\000o\000f\000\040\000L\000I\000S\000P\000\040\000m\000o\000b\000i\000l\000i\000t\000y\000\040\000a\000n\000d\000\040\000n\000s\000-\0003\000\040\000I\000m\000p\000l\000e\000m\000e\000n\000t\000a\000t\000i\000o\000n}{section.8.1}% 102
\BOOKMARK [1][]{section.8.2}{\376\377\0008\000.\0002\000\040\000D\000i\000s\000c\000u\000s\000s\000i\000o\000n\000\040\000\046\000\040\000f\000u\000t\000u\000r\000e\000\040\000w\000o\000r\000k}{chapter.8}% 103
\BOOKMARK [2][]{subsection.8.2.1}{\376\377\0008\000.\0002\000.\0001\000\040\000E\000v\000a\000l\000u\000a\000t\000i\000o\000n\000\040\000o\000f\000\040\000L\000I\000S\000P\000\040\000m\000a\000p\000p\000i\000n\000g\000\040\000s\000y\000s\000t\000e\000m}{section.8.2}% 104
\BOOKMARK [2][]{subsection.8.2.2}{\376\377\0008\000.\0002\000.\0002\000\040\000L\000I\000S\000P\000-\000V\000i\000e\000w\000s\000:\000\040\000L\000I\000S\000P\000\040\000m\000a\000p\000p\000i\000n\000g\000\040\000s\000y\000s\000t\000e\000m\000\040\000m\000o\000n\000i\000t\000o\000r}{section.8.2}% 105
\BOOKMARK [2][]{subsection.8.2.3}{\376\377\0008\000.\0002\000.\0003\000\040\000A\000s\000s\000e\000s\000s\000i\000n\000g\000\040\000L\000I\000S\000P\000\040\000i\000n\000t\000e\000r\000w\000o\000r\000k\000i\000n\000g\000\040\000p\000e\000r\000f\000o\000r\000m\000a\000n\000c\000e\000\040\000t\000h\000r\000o\000u\000g\000h\000\040\000R\000I\000P\000E\000\040\000A\000t\000l\000a\000s}{section.8.2}% 106
\BOOKMARK [2][]{subsection.8.2.4}{\376\377\0008\000.\0002\000.\0004\000\040\000A\000n\000a\000l\000y\000s\000i\000s\000\040\000o\000f\000\040\000L\000I\000S\000P\000\040\000m\000o\000b\000i\000l\000i\000t\000y\000\040\000a\000n\000d\000\040\000n\000s\000-\0003\000\040\000I\000m\000p\000l\000e\000m\000e\000n\000t\000a\000t\000i\000o\000n}{section.8.2}% 107
\BOOKMARK [0][]{chapter*.90}{\376\377\000R\000e\000f\000e\000r\000e\000n\000c\000e\000s}{}% 108
\BOOKMARK [0][]{Appendix.a.A}{\376\377\000A\000p\000p\000e\000n\000d\000i\000x\000\040\000A\000\040\000S\000o\000u\000r\000c\000e\000\040\000C\000o\000d\000e}{}% 109
\BOOKMARK [1][]{section.a.A.1}{\376\377\000A\000.\0001\000\040\000L\000I\000S\000P\000\040\000S\000t\000a\000b\000i\000l\000i\000t\000y\000\040\000a\000n\000d\000\040\000C\000o\000n\000s\000i\000s\000t\000e\000n\000c\000y\000\040\000a\000n\000a\000l\000y\000z\000e\000r}{Appendix.a.A}% 110
\BOOKMARK [1][]{section.a.A.2}{\376\377\000A\000.\0002\000\040\000L\000I\000S\000P\000-\000V\000i\000e\000w\000s}{Appendix.a.A}% 111
\BOOKMARK [1][]{section.a.A.3}{\376\377\000A\000.\0003\000\040\000L\000I\000S\000P\000\040\000m\000e\000a\000s\000u\000r\000e\000m\000e\000n\000t\000s\000\040\000o\000n\000\040\000A\000t\000l\000a\000s}{Appendix.a.A}% 112
\BOOKMARK [1][]{section.a.A.4}{\376\377\000A\000.\0004\000\040\000L\000I\000S\000P\000\040\000i\000m\000p\000l\000e\000m\000e\000n\000t\000a\000t\000i\000o\000n\000\040\000o\000n\000\040\000n\000s\000-\0003}{Appendix.a.A}% 113
